<?xml version="1.0" encoding="UTF-8"?>
<!-- Generated by org.testng.reporters.JUnitReportReporter -->
<testsuite hostname="Oprekin-PC" name="com.scripts.AuthenticationTest" tests="3" failures="0" timestamp="24 Dec 2021 14:32:11 GMT" time="9.471" errors="0">
  <testcase name="TCID_101_LoginFuctionality" time="8.447" classname="com.scripts.AuthenticationTest"/>
  <testcase name="TCID_103_VerifyAndGetAllLinksOnAuthenticationPage" time="0.837" classname="com.scripts.AuthenticationTest"/>
  <testcase name="TCID_102_VerifyTabsOnMyAccountPage" time="0.187" classname="com.scripts.AuthenticationTest"/>
</testsuite> <!-- com.scripts.AuthenticationTest -->
