<?xml version="1.0" encoding="UTF-8"?>
<!-- Generated by org.testng.reporters.JUnitReportReporter -->
<testsuite hostname="Oprekin-PC" name="com.scripts.LoginLogoutTest" tests="1" failures="0" timestamp="23 Dec 2021 12:00:22 GMT" time="11.770" errors="0">
  <testcase name="TCID_101_LoginFuctionality" time="11.770" classname="com.scripts.LoginLogoutTest"/>
</testsuite> <!-- com.scripts.LoginLogoutTest -->
