<?xml version="1.0" encoding="UTF-8"?>
<!-- Generated by org.testng.reporters.JUnitReportReporter -->
<testsuite hostname="Oprekin-PC" name="com.scripts.AuthenticationTest" tests="2" failures="0" timestamp="23 Dec 2021 15:13:13 GMT" time="9.304" errors="0">
  <testcase name="TCID_101_VerifyTabs" time="0.181" classname="com.scripts.AuthenticationTest"/>
  <testcase name="TCID_101_LoginFuctionality" time="9.123" classname="com.scripts.AuthenticationTest"/>
</testsuite> <!-- com.scripts.AuthenticationTest -->
